# JRE version: Java(TM) SE Runtime Environment (8.0_191-b12) (build 1.8.0_191-b12)
# Java VM: Java HotSpot(TM) Client VM (25.191-b12 mixed mode, sharing windows-x86 )
Heap:
 def new generation   total 5056K, used 1810K [0x05200000, 0x05770000, 0x0a750000)
  eden space 4544K,  39% used [0x05200000, 0x053c48a0, 0x05670000)
  from space 512K,   0% used [0x05670000, 0x05670000, 0x056f0000)
  to   space 512K,   0% used [0x056f0000, 0x056f0000, 0x05770000)
 tenured generation   total 10944K, used 4837K [0x0a750000, 0x0b200000, 0x15200000)
   the space 10944K,  44% used [0x0a750000, 0x0ac097a0, 0x0ac09800, 0x0b200000)
 Metaspace       used 7139K, capacity 7872K, committed 7936K, reserved 8576K
GC Heap History (10 events):
Event: 0.627 GC heap before
{Heap before GC invocations=3 (full 0):
 def new generation   total 4928K, used 4928K [0x05200000, 0x05750000, 0x0a750000)
  eden space 4416K, 100% used [0x05200000, 0x05650000, 0x05650000)
  from space 512K, 100% used [0x056d0000, 0x05750000, 0x05750000)
  to   space 512K,   0% used [0x05650000, 0x05650000, 0x056d0000)
 tenured generation   total 10944K, used 2738K [0x0a750000, 0x0b200000, 0x15200000)
   the space 10944K,  25% used [0x0a750000, 0x0a9fcbb0, 0x0a9fcc00, 0x0b200000)
 Metaspace       used 4015K, capacity 4832K, committed 4864K, reserved 5504K
Event: 0.631 GC heap after
Heap after GC invocations=4 (full 0):
 def new generation   total 4928K, used 512K [0x05200000, 0x05750000, 0x0a750000)
  eden space 4416K,   0% used [0x05200000, 0x05200000, 0x05650000)
  from space 512K, 100% used [0x05650000, 0x056d0000, 0x056d0000)
  to   space 512K,   0% used [0x056d0000, 0x056d0000, 0x05750000)
 tenured generation   total 10944K, used 3735K [0x0a750000, 0x0b200000, 0x15200000)
   the space 10944K,  34% used [0x0a750000, 0x0aaf5ed0, 0x0aaf6000, 0x0b200000)
 Metaspace       used 4015K, capacity 4832K, committed 4864K, reserved 5504K
}
Event: 0.894 GC heap before
{Heap before GC invocations=4 (full 0):
 def new generation   total 4928K, used 4928K [0x05200000, 0x05750000, 0x0a750000)
  eden space 4416K, 100% used [0x05200000, 0x05650000, 0x05650000)
  from space 512K, 100% used [0x05650000, 0x056d0000, 0x056d0000)
  to   space 512K,   0% used [0x056d0000, 0x056d0000, 0x05750000)
 tenured generation   total 10944K, used 3735K [0x0a750000, 0x0b200000, 0x15200000)
   the space 10944K,  34% used [0x0a750000, 0x0aaf5ed0, 0x0aaf6000, 0x0b200000)
 Metaspace       used 5006K, capacity 5399K, committed 5504K, reserved 5504K
Event: 0.900 GC heap after
Heap after GC invocations=5 (full 0):
 def new generation   total 4928K, used 512K [0x05200000, 0x05750000, 0x0a750000)
  eden space 4416K,   0% used [0x05200000, 0x05200000, 0x05650000)
  from space 512K, 100% used [0x056d0000, 0x05750000, 0x05750000)
  to   space 512K,   0% used [0x05650000, 0x05650000, 0x056d0000)
 tenured generation   total 10944K, used 4597K [0x0a750000, 0x0b200000, 0x15200000)
   the space 10944K,  42% used [0x0a750000, 0x0abcd7f8, 0x0abcd800, 0x0b200000)
 Metaspace       used 5006K, capacity 5399K, committed 5504K, reserved 5504K
}
Event: 3.836 GC heap before
{Heap before GC invocations=5 (full 0):
 def new generation   total 4928K, used 4928K [0x05200000, 0x05750000, 0x0a750000)
  eden space 4416K, 100% used [0x05200000, 0x05650000, 0x05650000)
  from space 512K, 100% used [0x056d0000, 0x05750000, 0x05750000)
  to   space 512K,   0% used [0x05650000, 0x05650000, 0x056d0000)
 tenured generation   total 10944K, used 4597K [0x0a750000, 0x0b200000, 0x15200000)
   the space 10944K,  42% used [0x0a750000, 0x0abcd7f8, 0x0abcd800, 0x0b200000)
 Metaspace       used 5639K, capacity 6143K, committed 6144K, reserved 6528K
Event: 3.844 GC heap after
Heap after GC invocations=6 (full 0):
 def new generation   total 4928K, used 511K [0x05200000, 0x05750000, 0x0a750000)
  eden space 4416K,   0% used [0x05200000, 0x05200000, 0x05650000)
  from space 512K,  99% used [0x05650000, 0x056cfff8, 0x056d0000)
  to   space 512K,   0% used [0x056d0000, 0x056d0000, 0x05750000)
 tenured generation   total 10944K, used 5701K [0x0a750000, 0x0b200000, 0x15200000)
   the space 10944K,  52% used [0x0a750000, 0x0ace14e8, 0x0ace1600, 0x0b200000)
 Metaspace       used 5639K, capacity 6143K, committed 6144K, reserved 6528K
}
Event: 3.943 GC heap before
{Heap before GC invocations=6 (full 0):
 def new generation   total 4928K, used 4927K [0x05200000, 0x05750000, 0x0a750000)
  eden space 4416K, 100% used [0x05200000, 0x05650000, 0x05650000)
  from space 512K,  99% used [0x05650000, 0x056cfff8, 0x056d0000)
  to   space 512K,   0% used [0x056d0000, 0x056d0000, 0x05750000)
 tenured generation   total 10944K, used 5701K [0x0a750000, 0x0b200000, 0x15200000)
   the space 10944K,  52% used [0x0a750000, 0x0ace14e8, 0x0ace1600, 0x0b200000)
 Metaspace       used 6248K, capacity 6928K, committed 7040K, reserved 7552K
Event: 3.947 GC heap after
Heap after GC invocations=7 (full 0):
 def new generation   total 4928K, used 512K [0x05200000, 0x05750000, 0x0a750000)
  eden space 4416K,   0% used [0x05200000, 0x05200000, 0x05650000)
  from space 512K, 100% used [0x056d0000, 0x05750000, 0x05750000)
  to   space 512K,   0% used [0x05650000, 0x05650000, 0x056d0000)
 tenured generation   total 10944K, used 6507K [0x0a750000, 0x0b200000, 0x15200000)
   the space 10944K,  59% used [0x0a750000, 0x0adaac00, 0x0adaac00, 0x0b200000)
 Metaspace       used 6248K, capacity 6928K, committed 7040K, reserved 7552K
}
Event: 4.484 GC heap before
{Heap before GC invocations=7 (full 0):
 def new generation   total 4928K, used 1425K [0x05200000, 0x05750000, 0x0a750000)
  eden space 4416K,  20% used [0x05200000, 0x052e47f8, 0x05650000)
  from space 512K, 100% used [0x056d0000, 0x05750000, 0x05750000)
  to   space 512K,   0% used [0x05650000, 0x05650000, 0x056d0000)
 tenured generation   total 10944K, used 6507K [0x0a750000, 0x0b200000, 0x15200000)
   the space 10944K,  59% used [0x0a750000, 0x0adaac00, 0x0adaac00, 0x0b200000)
 Metaspace       used 6485K, capacity 7160K, committed 7168K, reserved 9600K
Event: 4.501 GC heap after
Heap after GC invocations=8 (full 1):
 def new generation   total 5056K, used 0K [0x05200000, 0x05770000, 0x0a750000)
  eden space 4544K,   0% used [0x05200000, 0x05200000, 0x05670000)
  from space 512K,   0% used [0x05670000, 0x05670000, 0x056f0000)
  to   space 512K,   0% used [0x056f0000, 0x056f0000, 0x05770000)
 tenured generation   total 10944K, used 4837K [0x0a750000, 0x0b200000, 0x15200000)
   the space 10944K,  44% used [0x0a750000, 0x0ac097a0, 0x0ac09800, 0x0b200000)
 Metaspace       used 6484K, capacity 7157K, committed 7168K, reserved 8576K
}

